app/build/outputs/mapping/release/usage.txt
android.support.annotation.AnimRes
android.support.annotation.AnimatorRes
android.support.annotation.AnyRes
android.support.annotation.AnyThread
android.support.annotation.ArrayRes
android.support.annotation.AttrRes
android.support.annotation.BinderThread
android.support.annotation.BoolRes
android.support.annotation.CallSuper
android.support.annotation.CheckResult
android.support.annotation.ColorInt
android.support.annotation.ColorRes
android.support.annotation.DimenRes
android.support.annotation.Dimension
android.support.annotation.Dimension$Unit
android.support.annotation.DrawableRes
android.support.annotation.FloatRange
android.support.annotation.FractionRes
android.support.annotation.IdRes
android.support.annotation.IntDef
android.support.annotation.IntRange
android.support.annotation.IntegerRes
android.support.annotation.InterpolatorRes
android.support.annotation.LayoutRes
android.support.annotation.MainThread
android.support.annotation.MenuRes
android.support.annotation.NonNull
android.support.annotation.Nullable
android.support.annotation.PluralsRes
android.support.annotation.Px
android.support.annotation.RawRes
android.support.annotation.RequiresApi
android.support.annotation.RequiresPermission
android.support.annotation.RequiresPermission$Read
android.support.annotation.RequiresPermission$Write
android.support.annotation.Size
android.support.annotation.StringDef
android.support.annotation.StringRes
android.support.annotation.StyleRes
android.support.annotation.StyleableRes
android.support.annotation.TransitionRes
android.support.annotation.UiThread
android.support.annotation.VisibleForTesting
android.support.annotation.WorkerThread
android.support.annotation.XmlRes
android.support.compat.BuildConfig
android.support.coreui.BuildConfig
android.support.coreutils.BuildConfig
android.support.design.BuildConfig
android.support.design.R:
    9:9:public R()
android.support.design.R$anim:
    10:10:public R$anim()
android.support.design.R$attr:
    29:29:public R$attr()
android.support.design.R$bool
android.support.design.R$color:
    349:349:public R$color()
android.support.design.R$dimen:
    441:441:public R$dimen()
android.support.design.R$drawable:
    561:561:public R$drawable()
android.support.design.R$id:
    648:648:public R$id()
android.support.design.R$integer:
    782:782:public R$integer()
android.support.design.R$layout:
    791:791:public R$layout()
android.support.design.R$string
android.support.design.R$style:
    882:882:public R$style()
android.support.design.R$styleable:
    1241:1241:public R$styleable()
android.support.design.internal.NavigationMenuItemView:
    201:201:public void setShortcut(boolean,char)
    232:232:public boolean showsIcon()
android.support.design.internal.NavigationMenuPresenter:
    private static final java.lang.String STATE_HIERARCHY
    private static final java.lang.String STATE_ADAPTER
    209:213:public void removeHeaderView(android.view.View)
    220:220:public android.view.View getHeaderView(int)
android.support.design.internal.NavigationMenuPresenter$NavigationMenuAdapter:
    private static final java.lang.String STATE_CHECKED_ITEM
    private static final java.lang.String STATE_ACTION_VIEWS
    private static final int VIEW_TYPE_NORMAL
    private static final int VIEW_TYPE_SUBHEADER
    private static final int VIEW_TYPE_SEPARATOR
    private static final int VIEW_TYPE_HEADER
android.support.design.widget.AnimationUtils:
    27:46:AnimationUtils()
android.support.design.widget.AppBarLayout:
    private static final int PENDING_ACTION_NONE
    private static final int PENDING_ACTION_EXPANDED
    private static final int PENDING_ACTION_COLLAPSED
    private static final int PENDING_ACTION_ANIMATE_ENABLED
    private static final int INVALID_SCROLL_RANGE